<?xml version="1.0" encoding="UTF-8"?>
<testsuite xmlns:xsi="http://www.w3.org/2001/XMLSchema-instance" xsi:noNamespaceSchemaLocation="https://maven.apache.org/surefire/maven-surefire-plugin/xsd/surefire-test-report.xsd" name="in.arulajun.fitness.TestCreateUser" time="0.012" tests="4" errors="0" skipped="0" failures="0">
  <properties>
[...]
</properties>
  <testcase name="in.arulajun.fitness.TestCreateUser.testUserEmailNull" classname="in.arulajun.fitness.TestCreateUser" time="0.001"/>
  <testcase name="in.arulajun.fitness.TestCreateUser.testUserEmailEmpty" classname="in.arulajun.fitness.TestCreateUser" time="0"/>
  <testcase name="in.arulajun.fitness.TestCreateUser.testCreateUserWithValidData" classname="in.arulajun.fitness.TestCreateUser" time="0.003"/>
  <testcase name="in.arulajun.fitness.TestCreateUser.testCreateUserWithInvalidData" classname="in.arulajun.fitness.TestCreateUser" time="0.001"/>
</testsuite>