<?xml version="1.0" encoding="UTF-8"?>
<testsuite xmlns:xsi="http://www.w3.org/2001/XMLSchema-instance" xsi:noNamespaceSchemaLocation="https://maven.apache.org/surefire/maven-surefire-plugin/xsd/surefire-test-report.xsd" name="in.arulajun.fitness.TestCreateTask" time="0.071" tests="9" errors="0" skipped="0" failures="0">
  <properties>
[...]
</properties>
  <testcase name="in.arulajun.fitness.TestCreateTask.testCreateTaskWithDueDateInvalidDate" classname="in.arulajun.fitness.TestCreateTask" time="0.026"/>
  <testcase name="in.arulajun.fitness.TestCreateTask.testCreateUserWithDueDatePassedDate" classname="in.arulajun.fitness.TestCreateTask" time="0.019"/>
  <testcase name="in.arulajun.fitness.TestCreateTask.testTaskNameEmpty" classname="in.arulajun.fitness.TestCreateTask" time="0.002"/>
  <testcase name="in.arulajun.fitness.TestCreateTask.testTaskNameNull" classname="in.arulajun.fitness.TestCreateTask" time="0.002"/>
  <testcase name="in.arulajun.fitness.TestCreateTask.testCreateTaskWithDueDateParseDate" classname="in.arulajun.fitness.TestCreateTask" time="0.001"/>
  <testcase name="in.arulajun.fitness.TestCreateTask.testCreateTaskWithValidData" classname="in.arulajun.fitness.TestCreateTask" time="0.008"/>
  <testcase name="in.arulajun.fitness.TestCreateTask.testCreateTaskWithInvalidData" classname="in.arulajun.fitness.TestCreateTask" time="0.002"/>
  <testcase name="in.arulajun.fitness.TestCreateTask.testCreateTaskWithDueDateNull" classname="in.arulajun.fitness.TestCreateTask" time="0.001"/>
  <testcase name="in.arulajun.fitness.TestCreateTask.testCreateUserWithDueDateEmpty" classname="in.arulajun.fitness.TestCreateTask" time="0.001"/>
</testsuite>